d:\documentos\dev\dessor\x64\debug\vc142.pdb
d:\documentos\dev\dessor\x64\debug\vc142.idb
d:\documentos\dev\dessor\x64\debug\glad.obj
d:\documentos\dev\dessor\x64\debug\imgui_widgets.obj
d:\documentos\dev\dessor\x64\debug\imgui_tables.obj
d:\documentos\dev\dessor\x64\debug\imgui_impl_opengl3.obj
d:\documentos\dev\dessor\x64\debug\imgui_impl_glfw.obj
d:\documentos\dev\dessor\x64\debug\imgui_draw.obj
d:\documentos\dev\dessor\x64\debug\imgui_demo.obj
d:\documentos\dev\dessor\x64\debug\imgui.obj
d:\documentos\dev\dessor\x64\debug\main.obj
d:\documentos\dev\dessor\x64\debug\dessor.exe
d:\documentos\dev\dessor\x64\debug\dessor.ilk
d:\documentos\dev\dessor\x64\debug\dessor.pdb
d:\documentos\dev\dessor\x64\debug\dessor.res
d:\documentos\dev\dessor\x64\debug\dessor.tlog\cl.command.1.tlog
d:\documentos\dev\dessor\x64\debug\dessor.tlog\cl.read.1.tlog
d:\documentos\dev\dessor\x64\debug\dessor.tlog\cl.write.1.tlog
d:\documentos\dev\dessor\x64\debug\dessor.tlog\link-cvtres.read.1.tlog
d:\documentos\dev\dessor\x64\debug\dessor.tlog\link-cvtres.write.1.tlog
d:\documentos\dev\dessor\x64\debug\dessor.tlog\link-rc.read.1.tlog
d:\documentos\dev\dessor\x64\debug\dessor.tlog\link-rc.write.1.tlog
d:\documentos\dev\dessor\x64\debug\dessor.tlog\link.command.1.tlog
d:\documentos\dev\dessor\x64\debug\dessor.tlog\link.read.1.tlog
d:\documentos\dev\dessor\x64\debug\dessor.tlog\link.write.1.tlog
d:\documentos\dev\dessor\x64\debug\dessor.tlog\rc.command.1.tlog
d:\documentos\dev\dessor\x64\debug\dessor.tlog\rc.read.1.tlog
d:\documentos\dev\dessor\x64\debug\dessor.tlog\rc.write.1.tlog
