  glad.c
  imgui.cpp
  imgui_demo.cpp
  imgui_draw.cpp
  imgui_impl_glfw.cpp
  imgui_impl_opengl3.cpp
  imgui_tables.cpp
  imgui_widgets.cpp
  main.cpp
C:\Program Files (x86)\Windows Kits\10\Include\10.0.19041.0\shared\minwindef.h(130,1): warning C4005: 'APIENTRY': macro redefinition
D:\Documentos\Dev\Dessor\Libraries\include\glad\glad.h(32): message : see previous definition of 'APIENTRY'
  Generating Code...
imgui_impl_opengl3.obj : error LNK2019: unresolved external symbol __imp___glewActiveTexture referenced in function "void __cdecl ImGui_ImplOpenGL3_RenderDrawData(struct ImDrawData *)" (?ImGui_ImplOpenGL3_RenderDrawData@@YAXPEAUImDrawData@@@Z)
imgui_impl_opengl3.obj : error LNK2019: unresolved external symbol __imp___glewBlendEquation referenced in function "void __cdecl ImGui_ImplOpenGL3_SetupRenderState(struct ImDrawData *,int,int,unsigned int)" (?ImGui_ImplOpenGL3_SetupRenderState@@YAXPEAUImDrawData@@HHI@Z)
imgui_impl_opengl3.obj : error LNK2019: unresolved external symbol __imp___glewBlendFuncSeparate referenced in function "void __cdecl ImGui_ImplOpenGL3_RenderDrawData(struct ImDrawData *)" (?ImGui_ImplOpenGL3_RenderDrawData@@YAXPEAUImDrawData@@@Z)
imgui_impl_opengl3.obj : error LNK2019: unresolved external symbol __imp___glewBindBuffer referenced in function "bool __cdecl ImGui_ImplOpenGL3_CreateDeviceObjects(void)" (?ImGui_ImplOpenGL3_CreateDeviceObjects@@YA_NXZ)
imgui_impl_opengl3.obj : error LNK2019: unresolved external symbol __imp___glewBufferData referenced in function "void __cdecl ImGui_ImplOpenGL3_RenderDrawData(struct ImDrawData *)" (?ImGui_ImplOpenGL3_RenderDrawData@@YAXPEAUImDrawData@@@Z)
imgui_impl_opengl3.obj : error LNK2019: unresolved external symbol __imp___glewDeleteBuffers referenced in function "void __cdecl ImGui_ImplOpenGL3_DestroyDeviceObjects(void)" (?ImGui_ImplOpenGL3_DestroyDeviceObjects@@YAXXZ)
imgui_impl_opengl3.obj : error LNK2019: unresolved external symbol __imp___glewGenBuffers referenced in function "bool __cdecl ImGui_ImplOpenGL3_CreateDeviceObjects(void)" (?ImGui_ImplOpenGL3_CreateDeviceObjects@@YA_NXZ)
imgui_impl_opengl3.obj : error LNK2019: unresolved external symbol __imp___glewAttachShader referenced in function "bool __cdecl ImGui_ImplOpenGL3_CreateDeviceObjects(void)" (?ImGui_ImplOpenGL3_CreateDeviceObjects@@YA_NXZ)
imgui_impl_opengl3.obj : error LNK2019: unresolved external symbol __imp___glewBlendEquationSeparate referenced in function "void __cdecl ImGui_ImplOpenGL3_RenderDrawData(struct ImDrawData *)" (?ImGui_ImplOpenGL3_RenderDrawData@@YAXPEAUImDrawData@@@Z)
imgui_impl_opengl3.obj : error LNK2019: unresolved external symbol __imp___glewCompileShader referenced in function "bool __cdecl ImGui_ImplOpenGL3_CreateDeviceObjects(void)" (?ImGui_ImplOpenGL3_CreateDeviceObjects@@YA_NXZ)
imgui_impl_opengl3.obj : error LNK2019: unresolved external symbol __imp___glewCreateProgram referenced in function "bool __cdecl ImGui_ImplOpenGL3_CreateDeviceObjects(void)" (?ImGui_ImplOpenGL3_CreateDeviceObjects@@YA_NXZ)
imgui_impl_opengl3.obj : error LNK2019: unresolved external symbol __imp___glewCreateShader referenced in function "bool __cdecl ImGui_ImplOpenGL3_CreateDeviceObjects(void)" (?ImGui_ImplOpenGL3_CreateDeviceObjects@@YA_NXZ)
imgui_impl_opengl3.obj : error LNK2019: unresolved external symbol __imp___glewDeleteProgram referenced in function "void __cdecl ImGui_ImplOpenGL3_DestroyDeviceObjects(void)" (?ImGui_ImplOpenGL3_DestroyDeviceObjects@@YAXXZ)
imgui_impl_opengl3.obj : error LNK2019: unresolved external symbol __imp___glewDeleteShader referenced in function "void __cdecl ImGui_ImplOpenGL3_DestroyDeviceObjects(void)" (?ImGui_ImplOpenGL3_DestroyDeviceObjects@@YAXXZ)
imgui_impl_opengl3.obj : error LNK2019: unresolved external symbol __imp___glewDetachShader referenced in function "void __cdecl ImGui_ImplOpenGL3_DestroyDeviceObjects(void)" (?ImGui_ImplOpenGL3_DestroyDeviceObjects@@YAXXZ)
imgui_impl_opengl3.obj : error LNK2019: unresolved external symbol __imp___glewEnableVertexAttribArray referenced in function "void __cdecl ImGui_ImplOpenGL3_SetupRenderState(struct ImDrawData *,int,int,unsigned int)" (?ImGui_ImplOpenGL3_SetupRenderState@@YAXPEAUImDrawData@@HHI@Z)
imgui_impl_opengl3.obj : error LNK2019: unresolved external symbol __imp___glewGetAttribLocation referenced in function "bool __cdecl ImGui_ImplOpenGL3_CreateDeviceObjects(void)" (?ImGui_ImplOpenGL3_CreateDeviceObjects@@YA_NXZ)
imgui_impl_opengl3.obj : error LNK2019: unresolved external symbol __imp___glewGetProgramInfoLog referenced in function "bool __cdecl CheckProgram(unsigned int,char const *)" (?CheckProgram@@YA_NIPEBD@Z)
imgui_impl_opengl3.obj : error LNK2019: unresolved external symbol __imp___glewGetProgramiv referenced in function "bool __cdecl CheckProgram(unsigned int,char const *)" (?CheckProgram@@YA_NIPEBD@Z)
imgui_impl_opengl3.obj : error LNK2019: unresolved external symbol __imp___glewGetShaderInfoLog referenced in function "bool __cdecl CheckShader(unsigned int,char const *)" (?CheckShader@@YA_NIPEBD@Z)
imgui_impl_opengl3.obj : error LNK2019: unresolved external symbol __imp___glewGetShaderiv referenced in function "bool __cdecl CheckShader(unsigned int,char const *)" (?CheckShader@@YA_NIPEBD@Z)
imgui_impl_opengl3.obj : error LNK2019: unresolved external symbol __imp___glewGetUniformLocation referenced in function "bool __cdecl ImGui_ImplOpenGL3_CreateDeviceObjects(void)" (?ImGui_ImplOpenGL3_CreateDeviceObjects@@YA_NXZ)
imgui_impl_opengl3.obj : error LNK2019: unresolved external symbol __imp___glewLinkProgram referenced in function "bool __cdecl ImGui_ImplOpenGL3_CreateDeviceObjects(void)" (?ImGui_ImplOpenGL3_CreateDeviceObjects@@YA_NXZ)
imgui_impl_opengl3.obj : error LNK2019: unresolved external symbol __imp___glewShaderSource referenced in function "bool __cdecl ImGui_ImplOpenGL3_CreateDeviceObjects(void)" (?ImGui_ImplOpenGL3_CreateDeviceObjects@@YA_NXZ)
imgui_impl_opengl3.obj : error LNK2019: unresolved external symbol __imp___glewUniform1i referenced in function "void __cdecl ImGui_ImplOpenGL3_SetupRenderState(struct ImDrawData *,int,int,unsigned int)" (?ImGui_ImplOpenGL3_SetupRenderState@@YAXPEAUImDrawData@@HHI@Z)
imgui_impl_opengl3.obj : error LNK2019: unresolved external symbol __imp___glewUniformMatrix4fv referenced in function "void __cdecl ImGui_ImplOpenGL3_SetupRenderState(struct ImDrawData *,int,int,unsigned int)" (?ImGui_ImplOpenGL3_SetupRenderState@@YAXPEAUImDrawData@@HHI@Z)
imgui_impl_opengl3.obj : error LNK2019: unresolved external symbol __imp___glewUseProgram referenced in function "void __cdecl ImGui_ImplOpenGL3_RenderDrawData(struct ImDrawData *)" (?ImGui_ImplOpenGL3_RenderDrawData@@YAXPEAUImDrawData@@@Z)
imgui_impl_opengl3.obj : error LNK2019: unresolved external symbol __imp___glewVertexAttribPointer referenced in function "void __cdecl ImGui_ImplOpenGL3_SetupRenderState(struct ImDrawData *,int,int,unsigned int)" (?ImGui_ImplOpenGL3_SetupRenderState@@YAXPEAUImDrawData@@HHI@Z)
imgui_impl_opengl3.obj : error LNK2019: unresolved external symbol __imp___glewDrawElementsBaseVertex referenced in function "void __cdecl ImGui_ImplOpenGL3_RenderDrawData(struct ImDrawData *)" (?ImGui_ImplOpenGL3_RenderDrawData@@YAXPEAUImDrawData@@@Z)
imgui_impl_opengl3.obj : error LNK2019: unresolved external symbol __imp___glewBindSampler referenced in function "void __cdecl ImGui_ImplOpenGL3_RenderDrawData(struct ImDrawData *)" (?ImGui_ImplOpenGL3_RenderDrawData@@YAXPEAUImDrawData@@@Z)
imgui_impl_opengl3.obj : error LNK2019: unresolved external symbol __imp___glewBindVertexArray referenced in function "bool __cdecl ImGui_ImplOpenGL3_CreateDeviceObjects(void)" (?ImGui_ImplOpenGL3_CreateDeviceObjects@@YA_NXZ)
imgui_impl_opengl3.obj : error LNK2019: unresolved external symbol __imp___glewDeleteVertexArrays referenced in function "void __cdecl ImGui_ImplOpenGL3_RenderDrawData(struct ImDrawData *)" (?ImGui_ImplOpenGL3_RenderDrawData@@YAXPEAUImDrawData@@@Z)
imgui_impl_opengl3.obj : error LNK2019: unresolved external symbol __imp___glewGenVertexArrays referenced in function "void __cdecl ImGui_ImplOpenGL3_RenderDrawData(struct ImDrawData *)" (?ImGui_ImplOpenGL3_RenderDrawData@@YAXPEAUImDrawData@@@Z)
D:\Documentos\Dev\dessor\x64\Debug\Dessor.exe : fatal error LNK1120: 33 unresolved externals
